<?xml version="1.0" encoding="UTF-8"?>
<!-- Generated by org.testng.reporters.JUnitReportReporter -->
<testsuite hostname="Abc" name="ExecutionEngine.CSVData_Verification" tests="1" failures="0" timestamp="5 Apr 2017 10:19:12 GMT" time="2990.191" errors="0">
  <testcase name="exec_csv" time="2990.191" classname="ExecutionEngine.CSVData_Verification"/>
</testsuite> <!-- ExecutionEngine.CSVData_Verification -->
