<?xml version="1.0" encoding="UTF-8"?>
<!-- Generated by org.testng.reporters.JUnitReportReporter -->
<testsuite hostname="Abc" name="Utility.CommonMethods" tests="1" failures="0" timestamp="11 Apr 2017 09:59:38 GMT" time="26.785" errors="0">
  <testcase name="login" time="26.785" classname="Utility.CommonMethods"/>
</testsuite> <!-- Utility.CommonMethods -->
