<?xml version="1.0" encoding="UTF-8"?>
<!-- Generated by org.testng.reporters.JUnitReportReporter -->
<testsuite hostname="Abc" name="ExecutionEngine.MigrationSettings" tests="1" failures="0" timestamp="26 Apr 2017 12:45:30 GMT" time="48.101" errors="0">
  <testcase name="testMigrationSettings" time="48.101" classname="ExecutionEngine.MigrationSettings"/>
</testsuite> <!-- ExecutionEngine.MigrationSettings -->
