<?xml version="1.0" encoding="UTF-8"?>
<!-- Generated by org.testng.reporters.JUnitReportReporter -->
<testsuite hostname="Abc" name="ExecutionEngine.CSV_7InfrastructureSummary" tests="1" failures="0" timestamp="21 Mar 2017 09:26:10 GMT" time="92.932" errors="0">
  <testcase name="check_infrastructure" time="92.932" classname="ExecutionEngine.CSV_7InfrastructureSummary"/>
</testsuite> <!-- ExecutionEngine.CSV_7InfrastructureSummary -->
